{"timestamp": "2025-03-20 13:10:46,779", "level": "INFO", "name": "app", "message": "Logging configured at level: INFO"}
{"timestamp": "2025-03-20 13:10:46,942", "level": "INFO", "name": "werkzeug", "message": "\u001b[31m\u001b[1mWARNING: This is a development server. Do not use it in a production deployment. Use a production WSGI server instead.\u001b[0m\n * Running on all addresses (0.0.0.0)\n * Running on http://127.0.0.1:5005\n * Running on http://192.168.0.145:5005"}
{"timestamp": "2025-03-20 13:10:46,943", "level": "INFO", "name": "werkzeug", "message": "\u001b[33mPress CTRL+C to quit\u001b[0m"}
{"timestamp": "2025-03-20 13:10:46,971", "level": "INFO", "name": "werkzeug", "message": " * Restarting with stat"}
{"timestamp": "2025-03-20 13:10:52,512", "level": "INFO", "name": "app", "message": "Logging configured at level: INFO"}
{"timestamp": "2025-03-20 13:10:52,545", "level": "WARNING", "name": "werkzeug", "message": " * Debugger is active!"}
{"timestamp": "2025-03-20 13:10:52,596", "level": "INFO", "name": "werkzeug", "message": " * Debugger PIN: 298-611-065"}
{"timestamp": "2025-03-20 13:13:17,616", "level": "INFO", "name": "werkzeug", "message": " * Detected change in '/Users/confidence/Documents/Work/SavannahTech/hubspot-crm-integration/app/services/support_ticket_service.py', reloading"}
{"timestamp": "2025-03-20 13:13:18,207", "level": "INFO", "name": "werkzeug", "message": " * Restarting with stat"}
{"timestamp": "2025-03-20 13:13:23,071", "level": "INFO", "name": "app", "message": "Logging configured at level: INFO"}
{"timestamp": "2025-03-20 13:13:23,097", "level": "WARNING", "name": "werkzeug", "message": " * Debugger is active!"}
{"timestamp": "2025-03-20 13:13:23,139", "level": "INFO", "name": "werkzeug", "message": " * Debugger PIN: 298-611-065"}
{"timestamp": "2025-03-20 14:00:26,389", "level": "INFO", "name": "werkzeug", "message": " * Detected change in '/Users/confidence/Documents/Work/SavannahTech/hubspot-crm-integration/app/models.py', reloading"}
{"timestamp": "2025-03-20 14:00:27,002", "level": "INFO", "name": "werkzeug", "message": " * Restarting with stat"}
{"timestamp": "2025-03-20 14:00:31,602", "level": "INFO", "name": "app", "message": "Logging configured at level: INFO"}
{"timestamp": "2025-03-20 14:00:31,633", "level": "WARNING", "name": "werkzeug", "message": " * Debugger is active!"}
{"timestamp": "2025-03-20 14:00:31,669", "level": "INFO", "name": "werkzeug", "message": " * Debugger PIN: 298-611-065"}
{"timestamp": "2025-03-20 14:00:40,825", "level": "INFO", "name": "werkzeug", "message": " * Detected change in '/Users/confidence/Documents/Work/SavannahTech/hubspot-crm-integration/app/models.py', reloading"}
{"timestamp": "2025-03-20 14:00:41,053", "level": "INFO", "name": "werkzeug", "message": " * Restarting with stat"}
{"timestamp": "2025-03-20 14:00:45,451", "level": "INFO", "name": "app", "message": "Logging configured at level: INFO"}
{"timestamp": "2025-03-20 14:00:45,475", "level": "WARNING", "name": "werkzeug", "message": " * Debugger is active!"}
{"timestamp": "2025-03-20 14:00:45,509", "level": "INFO", "name": "werkzeug", "message": " * Debugger PIN: 298-611-065"}
{"timestamp": "2025-03-20 14:01:34,442", "level": "INFO", "name": "werkzeug", "message": " * Detected change in '/Users/confidence/Documents/Work/SavannahTech/hubspot-crm-integration/app/routes/auth.py', reloading"}
{"timestamp": "2025-03-20 14:01:34,555", "level": "INFO", "name": "werkzeug", "message": " * Restarting with stat"}
{"timestamp": "2025-03-20 14:01:38,892", "level": "INFO", "name": "app", "message": "Logging configured at level: INFO"}
{"timestamp": "2025-03-20 14:01:38,914", "level": "WARNING", "name": "werkzeug", "message": " * Debugger is active!"}
{"timestamp": "2025-03-20 14:01:38,948", "level": "INFO", "name": "werkzeug", "message": " * Debugger PIN: 298-611-065"}
{"timestamp": "2025-03-20 14:02:27,705", "level": "INFO", "name": "werkzeug", "message": " * Detected change in '/Users/confidence/Documents/Work/SavannahTech/hubspot-crm-integration/app/validations/user_validator.py', reloading"}
{"timestamp": "2025-03-20 14:02:28,008", "level": "INFO", "name": "werkzeug", "message": " * Restarting with stat"}
{"timestamp": "2025-03-20 14:02:32,489", "level": "INFO", "name": "app", "message": "Logging configured at level: INFO"}
{"timestamp": "2025-03-20 14:02:32,509", "level": "WARNING", "name": "werkzeug", "message": " * Debugger is active!"}
{"timestamp": "2025-03-20 14:02:32,547", "level": "INFO", "name": "werkzeug", "message": " * Debugger PIN: 298-611-065"}
{"timestamp": "2025-03-20 14:02:34,644", "level": "INFO", "name": "werkzeug", "message": " * Detected change in '/Users/confidence/Documents/Work/SavannahTech/hubspot-crm-integration/app/validations/user_validator.py', reloading"}
{"timestamp": "2025-03-20 14:02:34,879", "level": "INFO", "name": "werkzeug", "message": " * Restarting with stat"}
{"timestamp": "2025-03-20 14:02:40,003", "level": "INFO", "name": "app", "message": "Logging configured at level: INFO"}
{"timestamp": "2025-03-20 14:02:40,047", "level": "WARNING", "name": "werkzeug", "message": " * Debugger is active!"}
{"timestamp": "2025-03-20 14:02:40,090", "level": "INFO", "name": "werkzeug", "message": " * Debugger PIN: 298-611-065"}
{"timestamp": "2025-03-20 14:02:43,359", "level": "INFO", "name": "werkzeug", "message": " * Detected change in '/Users/confidence/Documents/Work/SavannahTech/hubspot-crm-integration/app/validations/deal_validator.py', reloading"}
{"timestamp": "2025-03-20 14:02:43,687", "level": "INFO", "name": "werkzeug", "message": " * Restarting with stat"}
{"timestamp": "2025-03-20 14:02:48,972", "level": "INFO", "name": "app", "message": "Logging configured at level: INFO"}
{"timestamp": "2025-03-20 14:02:48,996", "level": "WARNING", "name": "werkzeug", "message": " * Debugger is active!"}
{"timestamp": "2025-03-20 14:02:49,029", "level": "INFO", "name": "werkzeug", "message": " * Debugger PIN: 298-611-065"}
{"timestamp": "2025-03-20 14:03:28,730", "level": "INFO", "name": "werkzeug", "message": " * Detected change in '/Users/confidence/Documents/Work/SavannahTech/hubspot-crm-integration/app/validations/user_validator.py', reloading"}
{"timestamp": "2025-03-20 14:03:28,982", "level": "INFO", "name": "werkzeug", "message": " * Restarting with stat"}
{"timestamp": "2025-03-20 14:03:34,105", "level": "INFO", "name": "app", "message": "Logging configured at level: INFO"}
{"timestamp": "2025-03-20 14:03:34,126", "level": "WARNING", "name": "werkzeug", "message": " * Debugger is active!"}
{"timestamp": "2025-03-20 14:03:34,163", "level": "INFO", "name": "werkzeug", "message": " * Debugger PIN: 298-611-065"}
{"timestamp": "2025-03-20 14:04:52,236", "level": "INFO", "name": "werkzeug", "message": " * Detected change in '/Users/confidence/Documents/Work/SavannahTech/hubspot-crm-integration/app/validations/contact_validator.py', reloading"}
{"timestamp": "2025-03-20 14:04:52,618", "level": "INFO", "name": "werkzeug", "message": " * Restarting with stat"}
{"timestamp": "2025-03-20 14:04:57,627", "level": "INFO", "name": "app", "message": "Logging configured at level: INFO"}
{"timestamp": "2025-03-20 14:04:57,648", "level": "WARNING", "name": "werkzeug", "message": " * Debugger is active!"}
{"timestamp": "2025-03-20 14:04:57,681", "level": "INFO", "name": "werkzeug", "message": " * Debugger PIN: 298-611-065"}
{"timestamp": "2025-03-20 14:05:42,429", "level": "INFO", "name": "werkzeug", "message": " * Detected change in '/Users/confidence/Documents/Work/SavannahTech/hubspot-crm-integration/app/validations/user_validator.py', reloading"}
{"timestamp": "2025-03-20 14:05:42,707", "level": "INFO", "name": "werkzeug", "message": " * Restarting with stat"}
{"timestamp": "2025-03-20 14:05:47,165", "level": "INFO", "name": "app", "message": "Logging configured at level: INFO"}
{"timestamp": "2025-03-20 14:05:47,186", "level": "WARNING", "name": "werkzeug", "message": " * Debugger is active!"}
{"timestamp": "2025-03-20 14:05:47,229", "level": "INFO", "name": "werkzeug", "message": " * Debugger PIN: 298-611-065"}
{"timestamp": "2025-03-20 14:06:01,487", "level": "INFO", "name": "werkzeug", "message": " * Detected change in '/Users/confidence/Documents/Work/SavannahTech/hubspot-crm-integration/app/validations/user_validator.py', reloading"}
{"timestamp": "2025-03-20 14:06:01,797", "level": "INFO", "name": "werkzeug", "message": " * Restarting with stat"}
{"timestamp": "2025-03-20 14:06:06,475", "level": "INFO", "name": "app", "message": "Logging configured at level: INFO"}
{"timestamp": "2025-03-20 14:06:06,500", "level": "WARNING", "name": "werkzeug", "message": " * Debugger is active!"}
{"timestamp": "2025-03-20 14:06:06,533", "level": "INFO", "name": "werkzeug", "message": " * Debugger PIN: 298-611-065"}
{"timestamp": "2025-03-20 14:06:52,185", "level": "INFO", "name": "werkzeug", "message": " * Detected change in '/Users/confidence/Documents/Work/SavannahTech/hubspot-crm-integration/app/routes/auth.py', reloading"}
{"timestamp": "2025-03-20 14:06:52,585", "level": "INFO", "name": "werkzeug", "message": " * Restarting with stat"}
{"timestamp": "2025-03-20 14:06:56,721", "level": "INFO", "name": "app", "message": "Logging configured at level: INFO"}
{"timestamp": "2025-03-20 14:06:56,743", "level": "WARNING", "name": "werkzeug", "message": " * Debugger is active!"}
{"timestamp": "2025-03-20 14:06:56,774", "level": "INFO", "name": "werkzeug", "message": " * Debugger PIN: 298-611-065"}
{"timestamp": "2025-03-20 14:07:00,849", "level": "INFO", "name": "werkzeug", "message": " * Detected change in '/Users/confidence/Documents/Work/SavannahTech/hubspot-crm-integration/app/routes/auth.py', reloading"}
{"timestamp": "2025-03-20 14:07:01,173", "level": "INFO", "name": "werkzeug", "message": " * Restarting with stat"}
{"timestamp": "2025-03-20 14:07:06,300", "level": "INFO", "name": "app", "message": "Logging configured at level: INFO"}
{"timestamp": "2025-03-20 14:07:06,342", "level": "WARNING", "name": "werkzeug", "message": " * Debugger is active!"}
{"timestamp": "2025-03-20 14:07:06,376", "level": "INFO", "name": "werkzeug", "message": " * Debugger PIN: 298-611-065"}
{"timestamp": "2025-03-20 14:07:07,434", "level": "INFO", "name": "werkzeug", "message": " * Detected change in '/Users/confidence/Documents/Work/SavannahTech/hubspot-crm-integration/app/routes/auth.py', reloading"}
{"timestamp": "2025-03-20 14:07:07,680", "level": "INFO", "name": "werkzeug", "message": " * Restarting with stat"}
{"timestamp": "2025-03-20 14:07:13,107", "level": "INFO", "name": "app", "message": "Logging configured at level: INFO"}
{"timestamp": "2025-03-20 14:07:13,126", "level": "WARNING", "name": "werkzeug", "message": " * Debugger is active!"}
{"timestamp": "2025-03-20 14:07:13,158", "level": "INFO", "name": "werkzeug", "message": " * Debugger PIN: 298-611-065"}
{"timestamp": "2025-03-20 14:07:26,427", "level": "INFO", "name": "werkzeug", "message": " * Detected change in '/Users/confidence/Documents/Work/SavannahTech/hubspot-crm-integration/app/routes/auth.py', reloading"}
{"timestamp": "2025-03-20 14:07:26,591", "level": "INFO", "name": "werkzeug", "message": " * Restarting with stat"}
{"timestamp": "2025-03-20 14:07:31,251", "level": "INFO", "name": "app", "message": "Logging configured at level: INFO"}
{"timestamp": "2025-03-20 14:07:31,271", "level": "WARNING", "name": "werkzeug", "message": " * Debugger is active!"}
{"timestamp": "2025-03-20 14:07:31,302", "level": "INFO", "name": "werkzeug", "message": " * Debugger PIN: 298-611-065"}
{"timestamp": "2025-03-20 14:07:47,587", "level": "INFO", "name": "werkzeug", "message": " * Detected change in '/Users/confidence/Documents/Work/SavannahTech/hubspot-crm-integration/app/routes/auth.py', reloading"}
{"timestamp": "2025-03-20 14:07:48,026", "level": "INFO", "name": "werkzeug", "message": " * Restarting with stat"}
{"timestamp": "2025-03-20 14:07:53,266", "level": "INFO", "name": "app", "message": "Logging configured at level: INFO"}
{"timestamp": "2025-03-20 14:07:53,290", "level": "WARNING", "name": "werkzeug", "message": " * Debugger is active!"}
{"timestamp": "2025-03-20 14:07:53,370", "level": "INFO", "name": "werkzeug", "message": " * Debugger PIN: 298-611-065"}
{"timestamp": "2025-03-20 14:08:00,502", "level": "INFO", "name": "werkzeug", "message": " * Detected change in '/Users/confidence/Documents/Work/SavannahTech/hubspot-crm-integration/app/routes/auth.py', reloading"}
{"timestamp": "2025-03-20 14:08:00,721", "level": "INFO", "name": "werkzeug", "message": " * Restarting with stat"}
{"timestamp": "2025-03-20 14:08:04,824", "level": "INFO", "name": "app", "message": "Logging configured at level: INFO"}
{"timestamp": "2025-03-20 14:08:04,846", "level": "WARNING", "name": "werkzeug", "message": " * Debugger is active!"}
{"timestamp": "2025-03-20 14:08:04,875", "level": "INFO", "name": "werkzeug", "message": " * Debugger PIN: 298-611-065"}
{"timestamp": "2025-03-20 14:08:17,085", "level": "INFO", "name": "werkzeug", "message": " * Detected change in '/Users/confidence/Documents/Work/SavannahTech/hubspot-crm-integration/app/routes/auth.py', reloading"}
{"timestamp": "2025-03-20 14:08:17,313", "level": "INFO", "name": "werkzeug", "message": " * Restarting with stat"}
{"timestamp": "2025-03-20 14:08:21,984", "level": "INFO", "name": "app", "message": "Logging configured at level: INFO"}
{"timestamp": "2025-03-20 14:08:22,020", "level": "WARNING", "name": "werkzeug", "message": " * Debugger is active!"}
{"timestamp": "2025-03-20 14:08:22,065", "level": "INFO", "name": "werkzeug", "message": " * Debugger PIN: 298-611-065"}
{"timestamp": "2025-03-20 14:08:56,794", "level": "INFO", "name": "werkzeug", "message": " * Detected change in '/Users/confidence/Documents/Work/SavannahTech/hubspot-crm-integration/app/routes/auth.py', reloading"}
{"timestamp": "2025-03-20 14:08:57,195", "level": "INFO", "name": "werkzeug", "message": " * Restarting with stat"}
{"timestamp": "2025-03-20 14:09:02,603", "level": "INFO", "name": "app", "message": "Logging configured at level: INFO"}
{"timestamp": "2025-03-20 14:09:02,682", "level": "WARNING", "name": "werkzeug", "message": " * Debugger is active!"}
{"timestamp": "2025-03-20 14:09:02,767", "level": "INFO", "name": "werkzeug", "message": " * Debugger PIN: 298-611-065"}
{"timestamp": "2025-03-20 14:09:08,019", "level": "INFO", "name": "werkzeug", "message": " * Detected change in '/Users/confidence/Documents/Work/SavannahTech/hubspot-crm-integration/app/routes/auth.py', reloading"}
{"timestamp": "2025-03-20 14:09:08,535", "level": "INFO", "name": "werkzeug", "message": " * Restarting with stat"}
{"timestamp": "2025-03-20 14:09:13,108", "level": "INFO", "name": "app", "message": "Logging configured at level: INFO"}
{"timestamp": "2025-03-20 14:09:13,129", "level": "WARNING", "name": "werkzeug", "message": " * Debugger is active!"}
{"timestamp": "2025-03-20 14:09:13,159", "level": "INFO", "name": "werkzeug", "message": " * Debugger PIN: 298-611-065"}
{"timestamp": "2025-03-20 14:09:14,281", "level": "INFO", "name": "werkzeug", "message": " * Detected change in '/Users/confidence/Documents/Work/SavannahTech/hubspot-crm-integration/app/routes/auth.py', reloading"}
{"timestamp": "2025-03-20 14:09:14,461", "level": "INFO", "name": "werkzeug", "message": " * Restarting with stat"}
{"timestamp": "2025-03-20 14:09:18,291", "level": "INFO", "name": "app", "message": "Logging configured at level: INFO"}
{"timestamp": "2025-03-20 14:09:18,311", "level": "WARNING", "name": "werkzeug", "message": " * Debugger is active!"}
{"timestamp": "2025-03-20 14:09:18,347", "level": "INFO", "name": "werkzeug", "message": " * Debugger PIN: 298-611-065"}
{"timestamp": "2025-03-20 14:09:27,493", "level": "INFO", "name": "werkzeug", "message": " * Detected change in '/Users/confidence/Documents/Work/SavannahTech/hubspot-crm-integration/app/routes/auth.py', reloading"}
{"timestamp": "2025-03-20 14:09:27,803", "level": "INFO", "name": "werkzeug", "message": " * Restarting with stat"}
{"timestamp": "2025-03-20 14:09:31,863", "level": "INFO", "name": "app", "message": "Logging configured at level: INFO"}
{"timestamp": "2025-03-20 14:09:31,886", "level": "WARNING", "name": "werkzeug", "message": " * Debugger is active!"}
{"timestamp": "2025-03-20 14:09:31,918", "level": "INFO", "name": "werkzeug", "message": " * Debugger PIN: 298-611-065"}
{"timestamp": "2025-03-20 14:10:13,618", "level": "INFO", "name": "werkzeug", "message": " * Detected change in '/Users/confidence/Documents/Work/SavannahTech/hubspot-crm-integration/app/routes/auth.py', reloading"}
{"timestamp": "2025-03-20 14:10:14,103", "level": "INFO", "name": "werkzeug", "message": " * Restarting with stat"}
{"timestamp": "2025-03-20 14:10:19,032", "level": "INFO", "name": "app", "message": "Logging configured at level: INFO"}
{"timestamp": "2025-03-20 14:10:19,052", "level": "WARNING", "name": "werkzeug", "message": " * Debugger is active!"}
{"timestamp": "2025-03-20 14:10:19,088", "level": "INFO", "name": "werkzeug", "message": " * Debugger PIN: 298-611-065"}
{"timestamp": "2025-03-20 14:11:58,513", "level": "INFO", "name": "werkzeug", "message": " * Detected change in '/Users/confidence/Documents/Work/SavannahTech/hubspot-crm-integration/app/repository/user_repository.py', reloading"}
{"timestamp": "2025-03-20 14:11:58,913", "level": "INFO", "name": "werkzeug", "message": " * Restarting with stat"}
{"timestamp": "2025-03-20 14:12:03,537", "level": "INFO", "name": "app", "message": "Logging configured at level: INFO"}
{"timestamp": "2025-03-20 14:12:03,561", "level": "WARNING", "name": "werkzeug", "message": " * Debugger is active!"}
{"timestamp": "2025-03-20 14:12:03,596", "level": "INFO", "name": "werkzeug", "message": " * Debugger PIN: 298-611-065"}
{"timestamp": "2025-03-20 14:12:50,321", "level": "INFO", "name": "werkzeug", "message": " * Detected change in '/Users/confidence/Documents/Work/SavannahTech/hubspot-crm-integration/app/repository/user_repository.py', reloading"}
{"timestamp": "2025-03-20 14:12:50,622", "level": "INFO", "name": "werkzeug", "message": " * Restarting with stat"}
{"timestamp": "2025-03-20 14:12:55,331", "level": "INFO", "name": "app", "message": "Logging configured at level: INFO"}
{"timestamp": "2025-03-20 14:12:55,354", "level": "WARNING", "name": "werkzeug", "message": " * Debugger is active!"}
{"timestamp": "2025-03-20 14:12:55,385", "level": "INFO", "name": "werkzeug", "message": " * Debugger PIN: 298-611-065"}
{"timestamp": "2025-03-20 14:13:15,725", "level": "INFO", "name": "werkzeug", "message": " * Detected change in '/Users/confidence/Documents/Work/SavannahTech/hubspot-crm-integration/app/repository/user_repository.py', reloading"}
{"timestamp": "2025-03-20 14:13:16,055", "level": "INFO", "name": "werkzeug", "message": " * Restarting with stat"}
{"timestamp": "2025-03-20 14:13:21,088", "level": "INFO", "name": "app", "message": "Logging configured at level: INFO"}
{"timestamp": "2025-03-20 14:13:21,112", "level": "WARNING", "name": "werkzeug", "message": " * Debugger is active!"}
{"timestamp": "2025-03-20 14:13:21,152", "level": "INFO", "name": "werkzeug", "message": " * Debugger PIN: 298-611-065"}
{"timestamp": "2025-03-20 14:13:26,354", "level": "INFO", "name": "werkzeug", "message": " * Detected change in '/Users/confidence/Documents/Work/SavannahTech/hubspot-crm-integration/app/repository/user_repository.py', reloading"}
{"timestamp": "2025-03-20 14:13:26,787", "level": "INFO", "name": "werkzeug", "message": " * Restarting with stat"}
{"timestamp": "2025-03-20 14:13:31,855", "level": "INFO", "name": "app", "message": "Logging configured at level: INFO"}
{"timestamp": "2025-03-20 14:13:31,877", "level": "WARNING", "name": "werkzeug", "message": " * Debugger is active!"}
{"timestamp": "2025-03-20 14:13:31,942", "level": "INFO", "name": "werkzeug", "message": " * Debugger PIN: 298-611-065"}
{"timestamp": "2025-03-20 14:13:36,107", "level": "INFO", "name": "werkzeug", "message": " * Detected change in '/Users/confidence/Documents/Work/SavannahTech/hubspot-crm-integration/app/repository/user_repository.py', reloading"}
{"timestamp": "2025-03-20 14:13:36,337", "level": "INFO", "name": "werkzeug", "message": " * Restarting with stat"}
{"timestamp": "2025-03-20 14:13:41,166", "level": "INFO", "name": "app", "message": "Logging configured at level: INFO"}
{"timestamp": "2025-03-20 14:13:41,223", "level": "WARNING", "name": "werkzeug", "message": " * Debugger is active!"}
{"timestamp": "2025-03-20 14:13:41,261", "level": "INFO", "name": "werkzeug", "message": " * Debugger PIN: 298-611-065"}
{"timestamp": "2025-03-20 14:13:42,525", "level": "INFO", "name": "werkzeug", "message": " * Detected change in '/Users/confidence/Documents/Work/SavannahTech/hubspot-crm-integration/app/repository/user_repository.py', reloading"}
{"timestamp": "2025-03-20 14:13:42,791", "level": "INFO", "name": "werkzeug", "message": " * Restarting with stat"}
{"timestamp": "2025-03-20 14:13:47,458", "level": "INFO", "name": "app", "message": "Logging configured at level: INFO"}
{"timestamp": "2025-03-20 14:13:47,479", "level": "WARNING", "name": "werkzeug", "message": " * Debugger is active!"}
{"timestamp": "2025-03-20 14:13:47,511", "level": "INFO", "name": "werkzeug", "message": " * Debugger PIN: 298-611-065"}
{"timestamp": "2025-03-20 14:14:00,808", "level": "INFO", "name": "werkzeug", "message": " * Detected change in '/Users/confidence/Documents/Work/SavannahTech/hubspot-crm-integration/app/repository/user_repository.py', reloading"}
{"timestamp": "2025-03-20 14:14:01,251", "level": "INFO", "name": "werkzeug", "message": " * Restarting with stat"}
{"timestamp": "2025-03-20 14:14:06,120", "level": "INFO", "name": "app", "message": "Logging configured at level: INFO"}
{"timestamp": "2025-03-20 14:14:06,144", "level": "WARNING", "name": "werkzeug", "message": " * Debugger is active!"}
{"timestamp": "2025-03-20 14:14:06,183", "level": "INFO", "name": "werkzeug", "message": " * Debugger PIN: 298-611-065"}
{"timestamp": "2025-03-20 14:15:37,647", "level": "INFO", "name": "werkzeug", "message": " * Detected change in '/Users/confidence/Documents/Work/SavannahTech/hubspot-crm-integration/app/repository/user_repository.py', reloading"}
{"timestamp": "2025-03-20 14:15:38,030", "level": "INFO", "name": "werkzeug", "message": " * Restarting with stat"}
{"timestamp": "2025-03-20 14:15:42,339", "level": "INFO", "name": "app", "message": "Logging configured at level: INFO"}
{"timestamp": "2025-03-20 14:15:42,363", "level": "WARNING", "name": "werkzeug", "message": " * Debugger is active!"}
{"timestamp": "2025-03-20 14:15:42,401", "level": "INFO", "name": "werkzeug", "message": " * Debugger PIN: 298-611-065"}
{"timestamp": "2025-03-20 14:15:57,660", "level": "INFO", "name": "werkzeug", "message": " * Detected change in '/Users/confidence/Documents/Work/SavannahTech/hubspot-crm-integration/app/repository/user_repository.py', reloading"}
{"timestamp": "2025-03-20 14:15:58,136", "level": "INFO", "name": "werkzeug", "message": " * Restarting with stat"}
{"timestamp": "2025-03-20 14:16:02,939", "level": "INFO", "name": "app", "message": "Logging configured at level: INFO"}
{"timestamp": "2025-03-20 14:16:02,963", "level": "WARNING", "name": "werkzeug", "message": " * Debugger is active!"}
{"timestamp": "2025-03-20 14:16:03,004", "level": "INFO", "name": "werkzeug", "message": " * Debugger PIN: 298-611-065"}
{"timestamp": "2025-03-20 14:16:08,120", "level": "INFO", "name": "werkzeug", "message": " * Detected change in '/Users/confidence/Documents/Work/SavannahTech/hubspot-crm-integration/app/repository/user_repository.py', reloading"}
{"timestamp": "2025-03-20 14:16:08,445", "level": "INFO", "name": "werkzeug", "message": " * Restarting with stat"}
{"timestamp": "2025-03-20 14:16:14,057", "level": "INFO", "name": "app", "message": "Logging configured at level: INFO"}
{"timestamp": "2025-03-20 14:16:14,076", "level": "WARNING", "name": "werkzeug", "message": " * Debugger is active!"}
{"timestamp": "2025-03-20 14:16:14,122", "level": "INFO", "name": "werkzeug", "message": " * Debugger PIN: 298-611-065"}
{"timestamp": "2025-03-20 14:16:15,216", "level": "INFO", "name": "werkzeug", "message": " * Detected change in '/Users/confidence/Documents/Work/SavannahTech/hubspot-crm-integration/app/repository/user_repository.py', reloading"}
{"timestamp": "2025-03-20 14:16:15,681", "level": "INFO", "name": "werkzeug", "message": " * Restarting with stat"}
{"timestamp": "2025-03-20 14:16:19,927", "level": "INFO", "name": "app", "message": "Logging configured at level: INFO"}
{"timestamp": "2025-03-20 14:16:19,945", "level": "WARNING", "name": "werkzeug", "message": " * Debugger is active!"}
{"timestamp": "2025-03-20 14:16:19,981", "level": "INFO", "name": "werkzeug", "message": " * Debugger PIN: 298-611-065"}
{"timestamp": "2025-03-20 14:16:22,095", "level": "INFO", "name": "werkzeug", "message": " * Detected change in '/Users/confidence/Documents/Work/SavannahTech/hubspot-crm-integration/app/repository/user_repository.py', reloading"}
{"timestamp": "2025-03-20 14:16:22,485", "level": "INFO", "name": "werkzeug", "message": " * Restarting with stat"}
{"timestamp": "2025-03-20 14:16:27,427", "level": "INFO", "name": "app", "message": "Logging configured at level: INFO"}
{"timestamp": "2025-03-20 14:16:27,450", "level": "WARNING", "name": "werkzeug", "message": " * Debugger is active!"}
{"timestamp": "2025-03-20 14:16:27,479", "level": "INFO", "name": "werkzeug", "message": " * Debugger PIN: 298-611-065"}
{"timestamp": "2025-03-20 14:16:29,533", "level": "INFO", "name": "werkzeug", "message": " * Detected change in '/Users/confidence/Documents/Work/SavannahTech/hubspot-crm-integration/app/repository/user_repository.py', reloading"}
{"timestamp": "2025-03-20 14:16:29,785", "level": "INFO", "name": "werkzeug", "message": " * Restarting with stat"}
{"timestamp": "2025-03-20 14:16:34,044", "level": "INFO", "name": "app", "message": "Logging configured at level: INFO"}
{"timestamp": "2025-03-20 14:16:34,061", "level": "WARNING", "name": "werkzeug", "message": " * Debugger is active!"}
{"timestamp": "2025-03-20 14:16:34,091", "level": "INFO", "name": "werkzeug", "message": " * Debugger PIN: 298-611-065"}
{"timestamp": "2025-03-20 14:16:37,271", "level": "INFO", "name": "werkzeug", "message": " * Detected change in '/Users/confidence/Documents/Work/SavannahTech/hubspot-crm-integration/app/repository/user_repository.py', reloading"}
{"timestamp": "2025-03-20 14:16:37,749", "level": "INFO", "name": "werkzeug", "message": " * Restarting with stat"}
{"timestamp": "2025-03-20 14:16:43,626", "level": "INFO", "name": "app", "message": "Logging configured at level: INFO"}
{"timestamp": "2025-03-20 14:16:43,643", "level": "WARNING", "name": "werkzeug", "message": " * Debugger is active!"}
{"timestamp": "2025-03-20 14:16:43,675", "level": "INFO", "name": "werkzeug", "message": " * Debugger PIN: 298-611-065"}
{"timestamp": "2025-03-20 14:16:44,865", "level": "INFO", "name": "werkzeug", "message": " * Detected change in '/Users/confidence/Documents/Work/SavannahTech/hubspot-crm-integration/app/repository/user_repository.py', reloading"}
{"timestamp": "2025-03-20 14:16:45,165", "level": "INFO", "name": "werkzeug", "message": " * Restarting with stat"}
{"timestamp": "2025-03-20 14:16:49,450", "level": "INFO", "name": "app", "message": "Logging configured at level: INFO"}
{"timestamp": "2025-03-20 14:16:49,472", "level": "WARNING", "name": "werkzeug", "message": " * Debugger is active!"}
{"timestamp": "2025-03-20 14:16:49,502", "level": "INFO", "name": "werkzeug", "message": " * Debugger PIN: 298-611-065"}
{"timestamp": "2025-03-20 14:17:00,728", "level": "INFO", "name": "werkzeug", "message": " * Detected change in '/Users/confidence/Documents/Work/SavannahTech/hubspot-crm-integration/app/repository/user_repository.py', reloading"}
{"timestamp": "2025-03-20 14:17:01,246", "level": "INFO", "name": "werkzeug", "message": " * Restarting with stat"}
{"timestamp": "2025-03-20 14:17:06,524", "level": "INFO", "name": "app", "message": "Logging configured at level: INFO"}
{"timestamp": "2025-03-20 14:17:06,547", "level": "WARNING", "name": "werkzeug", "message": " * Debugger is active!"}
{"timestamp": "2025-03-20 14:17:06,610", "level": "INFO", "name": "werkzeug", "message": " * Debugger PIN: 298-611-065"}
{"timestamp": "2025-03-20 14:17:17,887", "level": "INFO", "name": "werkzeug", "message": " * Detected change in '/Users/confidence/Documents/Work/SavannahTech/hubspot-crm-integration/app/repository/user_repository.py', reloading"}
{"timestamp": "2025-03-20 14:17:18,334", "level": "INFO", "name": "werkzeug", "message": " * Restarting with stat"}
{"timestamp": "2025-03-20 14:17:24,583", "level": "INFO", "name": "app", "message": "Logging configured at level: INFO"}
{"timestamp": "2025-03-20 14:17:24,608", "level": "WARNING", "name": "werkzeug", "message": " * Debugger is active!"}
{"timestamp": "2025-03-20 14:17:24,654", "level": "INFO", "name": "werkzeug", "message": " * Debugger PIN: 298-611-065"}
{"timestamp": "2025-03-20 14:17:31,996", "level": "INFO", "name": "werkzeug", "message": " * Detected change in '/Users/confidence/Documents/Work/SavannahTech/hubspot-crm-integration/app/repository/user_repository.py', reloading"}
{"timestamp": "2025-03-20 14:17:32,267", "level": "INFO", "name": "werkzeug", "message": " * Restarting with stat"}
{"timestamp": "2025-03-20 14:17:36,980", "level": "INFO", "name": "app", "message": "Logging configured at level: INFO"}
{"timestamp": "2025-03-20 14:17:37,003", "level": "WARNING", "name": "werkzeug", "message": " * Debugger is active!"}
{"timestamp": "2025-03-20 14:17:37,032", "level": "INFO", "name": "werkzeug", "message": " * Debugger PIN: 298-611-065"}
{"timestamp": "2025-03-20 14:17:40,104", "level": "INFO", "name": "werkzeug", "message": " * Detected change in '/Users/confidence/Documents/Work/SavannahTech/hubspot-crm-integration/app/repository/user_repository.py', reloading"}
{"timestamp": "2025-03-20 14:17:40,502", "level": "INFO", "name": "werkzeug", "message": " * Restarting with stat"}
{"timestamp": "2025-03-20 14:17:45,031", "level": "INFO", "name": "app", "message": "Logging configured at level: INFO"}
{"timestamp": "2025-03-20 14:17:45,054", "level": "WARNING", "name": "werkzeug", "message": " * Debugger is active!"}
{"timestamp": "2025-03-20 14:17:45,098", "level": "INFO", "name": "werkzeug", "message": " * Debugger PIN: 298-611-065"}
{"timestamp": "2025-03-20 14:17:47,247", "level": "INFO", "name": "werkzeug", "message": " * Detected change in '/Users/confidence/Documents/Work/SavannahTech/hubspot-crm-integration/app/repository/user_repository.py', reloading"}
{"timestamp": "2025-03-20 14:17:47,385", "level": "INFO", "name": "werkzeug", "message": " * Restarting with stat"}
{"timestamp": "2025-03-20 14:17:51,509", "level": "INFO", "name": "app", "message": "Logging configured at level: INFO"}
{"timestamp": "2025-03-20 14:17:51,530", "level": "WARNING", "name": "werkzeug", "message": " * Debugger is active!"}
{"timestamp": "2025-03-20 14:17:51,559", "level": "INFO", "name": "werkzeug", "message": " * Debugger PIN: 298-611-065"}
{"timestamp": "2025-03-20 14:17:55,680", "level": "INFO", "name": "werkzeug", "message": " * Detected change in '/Users/confidence/Documents/Work/SavannahTech/hubspot-crm-integration/app/repository/user_repository.py', reloading"}
{"timestamp": "2025-03-20 14:17:56,129", "level": "INFO", "name": "werkzeug", "message": " * Restarting with stat"}
{"timestamp": "2025-03-20 14:18:00,514", "level": "INFO", "name": "app", "message": "Logging configured at level: INFO"}
{"timestamp": "2025-03-20 14:18:00,536", "level": "WARNING", "name": "werkzeug", "message": " * Debugger is active!"}
{"timestamp": "2025-03-20 14:18:00,575", "level": "INFO", "name": "werkzeug", "message": " * Debugger PIN: 298-611-065"}
{"timestamp": "2025-03-20 14:18:07,766", "level": "INFO", "name": "werkzeug", "message": " * Detected change in '/Users/confidence/Documents/Work/SavannahTech/hubspot-crm-integration/app/repository/user_repository.py', reloading"}
{"timestamp": "2025-03-20 14:18:07,966", "level": "INFO", "name": "werkzeug", "message": " * Restarting with stat"}
{"timestamp": "2025-03-20 14:18:12,805", "level": "INFO", "name": "app", "message": "Logging configured at level: INFO"}
{"timestamp": "2025-03-20 14:18:12,828", "level": "WARNING", "name": "werkzeug", "message": " * Debugger is active!"}
{"timestamp": "2025-03-20 14:18:12,861", "level": "INFO", "name": "werkzeug", "message": " * Debugger PIN: 298-611-065"}
{"timestamp": "2025-03-20 14:18:17,049", "level": "INFO", "name": "werkzeug", "message": " * Detected change in '/Users/confidence/Documents/Work/SavannahTech/hubspot-crm-integration/app/repository/user_repository.py', reloading"}
{"timestamp": "2025-03-20 14:18:17,483", "level": "INFO", "name": "werkzeug", "message": " * Restarting with stat"}
{"timestamp": "2025-03-20 14:18:21,800", "level": "INFO", "name": "app", "message": "Logging configured at level: INFO"}
{"timestamp": "2025-03-20 14:18:21,821", "level": "WARNING", "name": "werkzeug", "message": " * Debugger is active!"}
{"timestamp": "2025-03-20 14:18:21,858", "level": "INFO", "name": "werkzeug", "message": " * Debugger PIN: 298-611-065"}
{"timestamp": "2025-03-20 14:18:34,060", "level": "INFO", "name": "werkzeug", "message": " * Detected change in '/Users/confidence/Documents/Work/SavannahTech/hubspot-crm-integration/app/repository/user_repository.py', reloading"}
{"timestamp": "2025-03-20 14:18:34,364", "level": "INFO", "name": "werkzeug", "message": " * Restarting with stat"}
{"timestamp": "2025-03-20 14:18:38,755", "level": "INFO", "name": "app", "message": "Logging configured at level: INFO"}
{"timestamp": "2025-03-20 14:18:38,775", "level": "WARNING", "name": "werkzeug", "message": " * Debugger is active!"}
{"timestamp": "2025-03-20 14:18:38,809", "level": "INFO", "name": "werkzeug", "message": " * Debugger PIN: 298-611-065"}
{"timestamp": "2025-03-20 14:19:02,211", "level": "INFO", "name": "werkzeug", "message": " * Detected change in '/Users/confidence/Documents/Work/SavannahTech/hubspot-crm-integration/app/repository/user_repository.py', reloading"}
{"timestamp": "2025-03-20 14:19:02,473", "level": "INFO", "name": "werkzeug", "message": " * Restarting with stat"}
{"timestamp": "2025-03-20 14:19:07,790", "level": "INFO", "name": "app", "message": "Logging configured at level: INFO"}
{"timestamp": "2025-03-20 14:19:07,809", "level": "WARNING", "name": "werkzeug", "message": " * Debugger is active!"}
{"timestamp": "2025-03-20 14:19:07,847", "level": "INFO", "name": "werkzeug", "message": " * Debugger PIN: 298-611-065"}
{"timestamp": "2025-03-20 14:19:27,157", "level": "INFO", "name": "werkzeug", "message": " * Detected change in '/Users/confidence/Documents/Work/SavannahTech/hubspot-crm-integration/app/repository/user_repository.py', reloading"}
{"timestamp": "2025-03-20 14:19:27,760", "level": "INFO", "name": "werkzeug", "message": " * Restarting with stat"}
{"timestamp": "2025-03-20 14:19:33,288", "level": "INFO", "name": "app", "message": "Logging configured at level: INFO"}
{"timestamp": "2025-03-20 14:19:33,310", "level": "WARNING", "name": "werkzeug", "message": " * Debugger is active!"}
{"timestamp": "2025-03-20 14:19:33,345", "level": "INFO", "name": "werkzeug", "message": " * Debugger PIN: 298-611-065"}
{"timestamp": "2025-03-20 14:20:13,956", "level": "INFO", "name": "werkzeug", "message": " * Detected change in '/Users/confidence/Documents/Work/SavannahTech/hubspot-crm-integration/app/repository/user_repository.py', reloading"}
{"timestamp": "2025-03-20 14:20:14,274", "level": "INFO", "name": "werkzeug", "message": " * Restarting with stat"}
{"timestamp": "2025-03-20 14:20:18,636", "level": "INFO", "name": "app", "message": "Logging configured at level: INFO"}
{"timestamp": "2025-03-20 14:20:18,662", "level": "WARNING", "name": "werkzeug", "message": " * Debugger is active!"}
{"timestamp": "2025-03-20 14:20:18,756", "level": "INFO", "name": "werkzeug", "message": " * Debugger PIN: 298-611-065"}
{"timestamp": "2025-03-20 14:20:20,980", "level": "INFO", "name": "werkzeug", "message": " * Detected change in '/Users/confidence/Documents/Work/SavannahTech/hubspot-crm-integration/app/repository/user_repository.py', reloading"}
{"timestamp": "2025-03-20 14:20:21,295", "level": "INFO", "name": "werkzeug", "message": " * Restarting with stat"}
{"timestamp": "2025-03-20 14:20:25,664", "level": "INFO", "name": "app", "message": "Logging configured at level: INFO"}
{"timestamp": "2025-03-20 14:20:25,699", "level": "WARNING", "name": "werkzeug", "message": " * Debugger is active!"}
{"timestamp": "2025-03-20 14:20:25,740", "level": "INFO", "name": "werkzeug", "message": " * Debugger PIN: 298-611-065"}
{"timestamp": "2025-03-20 14:20:51,203", "level": "INFO", "name": "werkzeug", "message": " * Detected change in '/Users/confidence/Documents/Work/SavannahTech/hubspot-crm-integration/app/repository/user_repository.py', reloading"}
{"timestamp": "2025-03-20 14:20:51,667", "level": "INFO", "name": "werkzeug", "message": " * Restarting with stat"}
{"timestamp": "2025-03-20 14:20:58,211", "level": "INFO", "name": "app", "message": "Logging configured at level: INFO"}
{"timestamp": "2025-03-20 14:20:58,235", "level": "WARNING", "name": "werkzeug", "message": " * Debugger is active!"}
{"timestamp": "2025-03-20 14:20:58,268", "level": "INFO", "name": "werkzeug", "message": " * Debugger PIN: 298-611-065"}
{"timestamp": "2025-03-20 14:21:00,354", "level": "INFO", "name": "werkzeug", "message": " * Detected change in '/Users/confidence/Documents/Work/SavannahTech/hubspot-crm-integration/app/repository/user_repository.py', reloading"}
{"timestamp": "2025-03-20 14:21:00,910", "level": "INFO", "name": "werkzeug", "message": " * Restarting with stat"}
{"timestamp": "2025-03-20 14:21:05,919", "level": "INFO", "name": "app", "message": "Logging configured at level: INFO"}
{"timestamp": "2025-03-20 14:21:05,938", "level": "WARNING", "name": "werkzeug", "message": " * Debugger is active!"}
{"timestamp": "2025-03-20 14:21:05,971", "level": "INFO", "name": "werkzeug", "message": " * Debugger PIN: 298-611-065"}
{"timestamp": "2025-03-20 14:21:07,114", "level": "INFO", "name": "werkzeug", "message": " * Detected change in '/Users/confidence/Documents/Work/SavannahTech/hubspot-crm-integration/app/repository/user_repository.py', reloading"}
{"timestamp": "2025-03-20 14:21:07,470", "level": "INFO", "name": "werkzeug", "message": " * Restarting with stat"}
{"timestamp": "2025-03-20 14:21:12,391", "level": "INFO", "name": "app", "message": "Logging configured at level: INFO"}
{"timestamp": "2025-03-20 14:21:12,414", "level": "WARNING", "name": "werkzeug", "message": " * Debugger is active!"}
{"timestamp": "2025-03-20 14:21:12,445", "level": "INFO", "name": "werkzeug", "message": " * Debugger PIN: 298-611-065"}
{"timestamp": "2025-03-20 14:23:55,766", "level": "INFO", "name": "werkzeug", "message": " * Detected change in '/Users/confidence/Documents/Work/SavannahTech/hubspot-crm-integration/app/models.py', reloading"}
{"timestamp": "2025-03-20 14:23:56,230", "level": "INFO", "name": "werkzeug", "message": " * Restarting with stat"}
{"timestamp": "2025-03-20 14:24:00,480", "level": "INFO", "name": "app", "message": "Logging configured at level: INFO"}
{"timestamp": "2025-03-20 14:24:00,507", "level": "WARNING", "name": "werkzeug", "message": " * Debugger is active!"}
{"timestamp": "2025-03-20 14:24:00,543", "level": "INFO", "name": "werkzeug", "message": " * Debugger PIN: 298-611-065"}
{"timestamp": "2025-03-20 14:24:04,711", "level": "INFO", "name": "werkzeug", "message": " * Detected change in '/Users/confidence/Documents/Work/SavannahTech/hubspot-crm-integration/app/models.py', reloading"}
{"timestamp": "2025-03-20 14:24:05,033", "level": "INFO", "name": "werkzeug", "message": " * Restarting with stat"}
{"timestamp": "2025-03-20 14:24:11,051", "level": "INFO", "name": "app", "message": "Logging configured at level: INFO"}
{"timestamp": "2025-03-20 14:24:11,072", "level": "WARNING", "name": "werkzeug", "message": " * Debugger is active!"}
{"timestamp": "2025-03-20 14:24:11,102", "level": "INFO", "name": "werkzeug", "message": " * Debugger PIN: 298-611-065"}
{"timestamp": "2025-03-20 14:30:50,746", "level": "INFO", "name": "werkzeug", "message": " * Detected change in '/Users/confidence/Documents/Work/SavannahTech/hubspot-crm-integration/app/__init__.py', reloading"}
{"timestamp": "2025-03-20 14:30:51,224", "level": "INFO", "name": "werkzeug", "message": " * Restarting with stat"}
{"timestamp": "2025-03-20 14:30:56,393", "level": "INFO", "name": "app", "message": "Logging configured at level: INFO"}
{"timestamp": "2025-03-20 14:30:56,416", "level": "WARNING", "name": "werkzeug", "message": " * Debugger is active!"}
{"timestamp": "2025-03-20 14:30:56,461", "level": "INFO", "name": "werkzeug", "message": " * Debugger PIN: 298-611-065"}
{"timestamp": "2025-03-20 14:31:51,347", "level": "INFO", "name": "werkzeug", "message": " * Detected change in '/Users/confidence/Documents/Work/SavannahTech/hubspot-crm-integration/app/middleware/auth.py', reloading"}
{"timestamp": "2025-03-20 14:31:51,823", "level": "INFO", "name": "werkzeug", "message": " * Restarting with stat"}
{"timestamp": "2025-03-20 14:31:56,150", "level": "INFO", "name": "app", "message": "Logging configured at level: INFO"}
{"timestamp": "2025-03-20 14:31:56,175", "level": "WARNING", "name": "werkzeug", "message": " * Debugger is active!"}
{"timestamp": "2025-03-20 14:31:56,209", "level": "INFO", "name": "werkzeug", "message": " * Debugger PIN: 298-611-065"}
{"timestamp": "2025-03-20 14:31:59,308", "level": "INFO", "name": "werkzeug", "message": " * Detected change in '/Users/confidence/Documents/Work/SavannahTech/hubspot-crm-integration/app/middleware/auth.py', reloading"}
{"timestamp": "2025-03-20 14:31:59,714", "level": "INFO", "name": "werkzeug", "message": " * Restarting with stat"}
{"timestamp": "2025-03-20 14:32:05,523", "level": "INFO", "name": "app", "message": "Logging configured at level: INFO"}
{"timestamp": "2025-03-20 14:32:05,547", "level": "WARNING", "name": "werkzeug", "message": " * Debugger is active!"}
{"timestamp": "2025-03-20 14:32:05,574", "level": "INFO", "name": "werkzeug", "message": " * Debugger PIN: 298-611-065"}
{"timestamp": "2025-03-20 14:32:10,767", "level": "INFO", "name": "werkzeug", "message": " * Detected change in '/Users/confidence/Documents/Work/SavannahTech/hubspot-crm-integration/app/middleware/logging.py', reloading"}
{"timestamp": "2025-03-20 14:32:11,145", "level": "INFO", "name": "werkzeug", "message": " * Restarting with stat"}
{"timestamp": "2025-03-20 14:32:16,443", "level": "INFO", "name": "app", "message": "Logging configured at level: INFO"}
{"timestamp": "2025-03-20 14:32:16,471", "level": "WARNING", "name": "werkzeug", "message": " * Debugger is active!"}
{"timestamp": "2025-03-20 14:32:16,508", "level": "INFO", "name": "werkzeug", "message": " * Debugger PIN: 298-611-065"}
{"timestamp": "2025-03-20 14:32:23,722", "level": "INFO", "name": "werkzeug", "message": " * Detected change in '/Users/confidence/Documents/Work/SavannahTech/hubspot-crm-integration/app/middleware/auth.py', reloading"}
{"timestamp": "2025-03-20 14:32:23,975", "level": "INFO", "name": "werkzeug", "message": " * Restarting with stat"}
{"timestamp": "2025-03-20 14:32:28,983", "level": "INFO", "name": "app", "message": "Logging configured at level: INFO"}
{"timestamp": "2025-03-20 14:32:29,008", "level": "WARNING", "name": "werkzeug", "message": " * Debugger is active!"}
{"timestamp": "2025-03-20 14:32:29,041", "level": "INFO", "name": "werkzeug", "message": " * Debugger PIN: 298-611-065"}
{"timestamp": "2025-03-20 14:32:30,142", "level": "INFO", "name": "werkzeug", "message": " * Detected change in '/Users/confidence/Documents/Work/SavannahTech/hubspot-crm-integration/app/middleware/auth.py', reloading"}
{"timestamp": "2025-03-20 14:32:30,361", "level": "INFO", "name": "werkzeug", "message": " * Restarting with stat"}
{"timestamp": "2025-03-20 14:32:35,829", "level": "INFO", "name": "app", "message": "Logging configured at level: INFO"}
{"timestamp": "2025-03-20 14:32:35,851", "level": "WARNING", "name": "werkzeug", "message": " * Debugger is active!"}
{"timestamp": "2025-03-20 14:32:35,884", "level": "INFO", "name": "werkzeug", "message": " * Debugger PIN: 298-611-065"}
{"timestamp": "2025-03-20 14:34:06,240", "level": "INFO", "name": "werkzeug", "message": " * Detected change in '/Users/confidence/Documents/Work/SavannahTech/hubspot-crm-integration/app/repository/user_repository.py', reloading"}
{"timestamp": "2025-03-20 14:34:06,441", "level": "INFO", "name": "werkzeug", "message": " * Restarting with stat"}
{"timestamp": "2025-03-20 14:34:10,961", "level": "INFO", "name": "app", "message": "Logging configured at level: INFO"}
{"timestamp": "2025-03-20 14:34:10,985", "level": "WARNING", "name": "werkzeug", "message": " * Debugger is active!"}
{"timestamp": "2025-03-20 14:34:11,026", "level": "INFO", "name": "werkzeug", "message": " * Debugger PIN: 298-611-065"}
{"timestamp": "2025-03-20 14:34:49,723", "level": "INFO", "name": "werkzeug", "message": " * Detected change in '/Users/confidence/Documents/Work/SavannahTech/hubspot-crm-integration/app/routes/auth.py', reloading"}
{"timestamp": "2025-03-20 14:34:50,008", "level": "INFO", "name": "werkzeug", "message": " * Restarting with stat"}
{"timestamp": "2025-03-20 14:34:54,729", "level": "INFO", "name": "app", "message": "Logging configured at level: INFO"}
{"timestamp": "2025-03-20 14:34:54,753", "level": "WARNING", "name": "werkzeug", "message": " * Debugger is active!"}
{"timestamp": "2025-03-20 14:34:54,784", "level": "INFO", "name": "werkzeug", "message": " * Debugger PIN: 298-611-065"}
{"timestamp": "2025-03-20 14:35:04,970", "level": "INFO", "name": "werkzeug", "message": " * Detected change in '/Users/confidence/Documents/Work/SavannahTech/hubspot-crm-integration/app/routes/auth.py', reloading"}
{"timestamp": "2025-03-20 14:35:05,466", "level": "INFO", "name": "werkzeug", "message": " * Restarting with stat"}
{"timestamp": "2025-03-20 14:35:10,457", "level": "INFO", "name": "app", "message": "Logging configured at level: INFO"}
{"timestamp": "2025-03-20 14:35:10,483", "level": "WARNING", "name": "werkzeug", "message": " * Debugger is active!"}
{"timestamp": "2025-03-20 14:35:10,518", "level": "INFO", "name": "werkzeug", "message": " * Debugger PIN: 298-611-065"}
{"timestamp": "2025-03-20 14:35:25,762", "level": "INFO", "name": "werkzeug", "message": " * Detected change in '/Users/confidence/Documents/Work/SavannahTech/hubspot-crm-integration/app/routes/auth.py', reloading"}
{"timestamp": "2025-03-20 14:35:25,977", "level": "INFO", "name": "werkzeug", "message": " * Restarting with stat"}
{"timestamp": "2025-03-20 14:35:29,931", "level": "INFO", "name": "app", "message": "Logging configured at level: INFO"}
{"timestamp": "2025-03-20 14:35:29,948", "level": "WARNING", "name": "werkzeug", "message": " * Debugger is active!"}
{"timestamp": "2025-03-20 14:35:29,980", "level": "INFO", "name": "werkzeug", "message": " * Debugger PIN: 298-611-065"}
{"timestamp": "2025-03-20 14:38:36,962", "level": "INFO", "name": "werkzeug", "message": " * Detected change in '/Users/confidence/Documents/Work/SavannahTech/hubspot-crm-integration/app/__init__.py', reloading"}
{"timestamp": "2025-03-20 14:38:37,289", "level": "INFO", "name": "werkzeug", "message": " * Restarting with stat"}
{"timestamp": "2025-03-21 00:03:03,360", "level": "INFO", "name": "app", "message": "Logging configured at level: INFO"}
{"timestamp": "2025-03-21 00:03:03,423", "level": "INFO", "name": "werkzeug", "message": "\u001b[31m\u001b[1mWARNING: This is a development server. Do not use it in a production deployment. Use a production WSGI server instead.\u001b[0m\n * Running on all addresses (0.0.0.0)\n * Running on http://127.0.0.1:5005\n * Running on http://192.168.0.145:5005"}
{"timestamp": "2025-03-21 00:03:03,423", "level": "INFO", "name": "werkzeug", "message": "\u001b[33mPress CTRL+C to quit\u001b[0m"}
{"timestamp": "2025-03-21 00:03:03,425", "level": "INFO", "name": "werkzeug", "message": " * Restarting with stat"}
{"timestamp": "2025-03-21 00:03:07,252", "level": "INFO", "name": "app", "message": "Logging configured at level: INFO"}
{"timestamp": "2025-03-21 00:03:07,286", "level": "WARNING", "name": "werkzeug", "message": " * Debugger is active!"}
{"timestamp": "2025-03-21 00:03:07,323", "level": "INFO", "name": "werkzeug", "message": " * Debugger PIN: 665-438-654"}
{"timestamp": "2025-03-21 00:03:53,344", "level": "INFO", "name": "werkzeug", "message": " * Detected change in '/Users/confidence/Documents/Work/SavannahTech/hubspot-crm-integration/app/routes/crm.py', reloading"}
{"timestamp": "2025-03-21 00:03:53,892", "level": "INFO", "name": "werkzeug", "message": " * Restarting with stat"}
{"timestamp": "2025-03-21 00:03:58,322", "level": "INFO", "name": "app", "message": "Logging configured at level: INFO"}
{"timestamp": "2025-03-21 00:03:58,492", "level": "WARNING", "name": "werkzeug", "message": " * Debugger is active!"}
{"timestamp": "2025-03-21 00:03:58,521", "level": "INFO", "name": "werkzeug", "message": " * Debugger PIN: 665-438-654"}
{"timestamp": "2025-03-21 00:10:20,739", "level": "INFO", "name": "werkzeug", "message": " * Detected change in '/Users/confidence/Documents/Work/SavannahTech/hubspot-crm-integration/run.py', reloading"}
{"timestamp": "2025-03-21 00:10:21,252", "level": "INFO", "name": "werkzeug", "message": " * Restarting with stat"}
{"timestamp": "2025-03-21 00:10:26,000", "level": "INFO", "name": "app", "message": "Logging configured at level: INFO"}
{"timestamp": "2025-03-21 00:10:26,033", "level": "WARNING", "name": "werkzeug", "message": " * Debugger is active!"}
{"timestamp": "2025-03-21 00:10:26,061", "level": "INFO", "name": "werkzeug", "message": " * Debugger PIN: 665-438-654"}
{"timestamp": "2025-03-21 00:11:39,621", "level": "INFO", "name": "werkzeug", "message": " * Detected change in '/Users/confidence/Documents/Work/SavannahTech/hubspot-crm-integration/run.py', reloading"}
{"timestamp": "2025-03-21 00:11:40,143", "level": "INFO", "name": "werkzeug", "message": " * Restarting with stat"}
{"timestamp": "2025-03-21 00:11:44,850", "level": "INFO", "name": "app", "message": "Logging configured at level: INFO"}
{"timestamp": "2025-03-21 00:11:44,944", "level": "WARNING", "name": "werkzeug", "message": " * Debugger is active!"}
{"timestamp": "2025-03-21 00:11:44,969", "level": "INFO", "name": "werkzeug", "message": " * Debugger PIN: 665-438-654"}
{"timestamp": "2025-03-21 00:12:50,465", "level": "INFO", "name": "werkzeug", "message": " * Detected change in '/Users/confidence/Documents/Work/SavannahTech/hubspot-crm-integration/app/__init__.py', reloading"}
{"timestamp": "2025-03-21 00:12:50,883", "level": "INFO", "name": "werkzeug", "message": " * Restarting with stat"}
{"timestamp": "2025-03-21 00:12:55,611", "level": "INFO", "name": "app", "message": "Logging configured at level: INFO"}
{"timestamp": "2025-03-21 00:12:55,639", "level": "WARNING", "name": "werkzeug", "message": " * Debugger is active!"}
{"timestamp": "2025-03-21 00:12:55,666", "level": "INFO", "name": "werkzeug", "message": " * Debugger PIN: 665-438-654"}
{"timestamp": "2025-03-21 00:14:41,028", "level": "INFO", "name": "werkzeug", "message": " * Detected change in '/Users/confidence/Documents/Work/SavannahTech/hubspot-crm-integration/wsgi.py', reloading"}
{"timestamp": "2025-03-21 00:14:41,777", "level": "INFO", "name": "werkzeug", "message": " * Restarting with stat"}
{"timestamp": "2025-03-21 00:14:46,566", "level": "INFO", "name": "app", "message": "Logging configured at level: INFO"}
{"timestamp": "2025-03-21 00:14:46,615", "level": "WARNING", "name": "werkzeug", "message": " * Debugger is active!"}
{"timestamp": "2025-03-21 00:14:46,624", "level": "INFO", "name": "werkzeug", "message": " * Debugger PIN: 665-438-654"}
{"timestamp": "2025-03-21 00:15:21,429", "level": "INFO", "name": "werkzeug", "message": " * Detected change in '/Users/confidence/Documents/Work/SavannahTech/hubspot-crm-integration/run.py', reloading"}
{"timestamp": "2025-03-21 00:15:22,043", "level": "INFO", "name": "werkzeug", "message": " * Restarting with stat"}
{"timestamp": "2025-03-21 00:15:26,518", "level": "INFO", "name": "app", "message": "Logging configured at level: INFO"}
{"timestamp": "2025-03-21 00:15:26,605", "level": "WARNING", "name": "werkzeug", "message": " * Debugger is active!"}
{"timestamp": "2025-03-21 00:15:26,615", "level": "INFO", "name": "werkzeug", "message": " * Debugger PIN: 665-438-654"}
{"timestamp": "2025-03-21 00:17:31,255", "level": "INFO", "name": "werkzeug", "message": " * Detected change in '/Users/confidence/Documents/Work/SavannahTech/hubspot-crm-integration/app/config.py', reloading"}
{"timestamp": "2025-03-21 00:17:31,959", "level": "INFO", "name": "werkzeug", "message": " * Restarting with stat"}
{"timestamp": "2025-03-21 00:17:37,993", "level": "INFO", "name": "app", "message": "Logging configured at level: INFO"}
{"timestamp": "2025-03-21 00:17:38,129", "level": "WARNING", "name": "werkzeug", "message": " * Debugger is active!"}
{"timestamp": "2025-03-21 00:17:38,188", "level": "INFO", "name": "werkzeug", "message": " * Debugger PIN: 665-438-654"}
{"timestamp": "2025-03-21 00:19:28,346", "level": "INFO", "name": "app", "message": "Logging configured at level: INFO"}
{"timestamp": "2025-03-21 00:19:28,386", "level": "INFO", "name": "werkzeug", "message": "\u001b[31m\u001b[1mWARNING: This is a development server. Do not use it in a production deployment. Use a production WSGI server instead.\u001b[0m\n * Running on http://127.0.0.1:5000"}
{"timestamp": "2025-03-21 00:19:28,386", "level": "INFO", "name": "werkzeug", "message": "\u001b[33mPress CTRL+C to quit\u001b[0m"}
{"timestamp": "2025-03-21 00:19:28,389", "level": "INFO", "name": "werkzeug", "message": " * Restarting with stat"}
{"timestamp": "2025-03-21 00:19:31,514", "level": "INFO", "name": "app", "message": "Logging configured at level: INFO"}
{"timestamp": "2025-03-21 00:19:31,617", "level": "WARNING", "name": "werkzeug", "message": " * Debugger is active!"}
{"timestamp": "2025-03-21 00:19:31,625", "level": "INFO", "name": "werkzeug", "message": " * Debugger PIN: 665-438-654"}
{"timestamp": "2025-03-21 00:19:45,625", "level": "WARNING", "name": "app.middleware.logging", "message": "Request processed: {'method': 'GET', 'path': '/', 'status': 404, 'duration_ms': 3.44}", "request": {"url": "http://localhost:5000/", "method": "GET", "remote_addr": "127.0.0.1"}}
{"timestamp": "2025-03-21 00:19:45,626", "level": "INFO", "name": "werkzeug", "message": "127.0.0.1 - - [21/Mar/2025 00:19:45] \"\u001b[33mGET / HTTP/1.1\u001b[0m\" 404 -"}
{"timestamp": "2025-03-21 00:19:45,869", "level": "WARNING", "name": "app.middleware.logging", "message": "Request processed: {'method': 'GET', 'path': '/favicon.ico', 'status': 404, 'duration_ms': 1.18}", "request": {"url": "http://localhost:5000/favicon.ico", "method": "GET", "remote_addr": "127.0.0.1"}}
{"timestamp": "2025-03-21 00:19:45,873", "level": "INFO", "name": "werkzeug", "message": "127.0.0.1 - - [21/Mar/2025 00:19:45] \"\u001b[33mGET /favicon.ico HTTP/1.1\u001b[0m\" 404 -"}
{"timestamp": "2025-03-21 00:20:04,393", "level": "INFO", "name": "werkzeug", "message": " * Detected change in '/Users/confidence/Documents/Work/SavannahTech/hubspot-crm-integration/run.py', reloading"}
{"timestamp": "2025-03-21 00:20:04,767", "level": "INFO", "name": "werkzeug", "message": " * Restarting with stat"}
{"timestamp": "2025-03-21 00:20:08,932", "level": "INFO", "name": "app", "message": "Logging configured at level: INFO"}
{"timestamp": "2025-03-21 00:20:09,059", "level": "WARNING", "name": "werkzeug", "message": " * Debugger is active!"}
{"timestamp": "2025-03-21 00:20:09,105", "level": "INFO", "name": "werkzeug", "message": " * Debugger PIN: 665-438-654"}
{"timestamp": "2025-03-21 00:20:12,267", "level": "INFO", "name": "werkzeug", "message": " * Detected change in '/Users/confidence/Documents/Work/SavannahTech/hubspot-crm-integration/wsgi.py', reloading"}
{"timestamp": "2025-03-21 00:20:12,680", "level": "INFO", "name": "werkzeug", "message": " * Restarting with stat"}
{"timestamp": "2025-03-21 00:20:16,282", "level": "INFO", "name": "app", "message": "Logging configured at level: INFO"}
{"timestamp": "2025-03-21 00:20:16,394", "level": "WARNING", "name": "werkzeug", "message": " * Debugger is active!"}
{"timestamp": "2025-03-21 00:20:16,488", "level": "INFO", "name": "werkzeug", "message": " * Debugger PIN: 665-438-654"}
{"timestamp": "2025-03-21 00:20:30,948", "level": "INFO", "name": "werkzeug", "message": " * Detected change in '/Users/confidence/Documents/Work/SavannahTech/hubspot-crm-integration/app/config.py', reloading"}
{"timestamp": "2025-03-21 00:20:31,296", "level": "INFO", "name": "werkzeug", "message": " * Restarting with stat"}
{"timestamp": "2025-03-21 00:20:35,360", "level": "INFO", "name": "app", "message": "Logging configured at level: INFO"}
{"timestamp": "2025-03-21 00:20:35,476", "level": "WARNING", "name": "werkzeug", "message": " * Debugger is active!"}
{"timestamp": "2025-03-21 00:20:35,524", "level": "INFO", "name": "werkzeug", "message": " * Debugger PIN: 665-438-654"}
{"timestamp": "2025-03-21 00:20:46,948", "level": "INFO", "name": "app", "message": "Logging configured at level: INFO"}
{"timestamp": "2025-03-21 00:20:47,057", "level": "INFO", "name": "werkzeug", "message": "\u001b[31m\u001b[1mWARNING: This is a development server. Do not use it in a production deployment. Use a production WSGI server instead.\u001b[0m\n * Running on all addresses (0.0.0.0)\n * Running on http://127.0.0.1:5000\n * Running on http://192.168.0.145:5000"}
{"timestamp": "2025-03-21 00:20:47,057", "level": "INFO", "name": "werkzeug", "message": "\u001b[33mPress CTRL+C to quit\u001b[0m"}
{"timestamp": "2025-03-21 00:20:47,074", "level": "INFO", "name": "werkzeug", "message": " * Restarting with stat"}
{"timestamp": "2025-03-21 00:20:50,977", "level": "INFO", "name": "app", "message": "Logging configured at level: INFO"}
{"timestamp": "2025-03-21 00:20:51,063", "level": "WARNING", "name": "werkzeug", "message": " * Debugger is active!"}
{"timestamp": "2025-03-21 00:20:51,105", "level": "INFO", "name": "werkzeug", "message": " * Debugger PIN: 665-438-654"}
{"timestamp": "2025-03-21 00:21:01,435", "level": "WARNING", "name": "app.middleware.logging", "message": "Request processed: {'method': 'GET', 'path': '/', 'status': 404, 'duration_ms': 2.34}", "request": {"url": "http://localhost:5000/", "method": "GET", "remote_addr": "127.0.0.1"}}
{"timestamp": "2025-03-21 00:21:01,436", "level": "INFO", "name": "werkzeug", "message": "127.0.0.1 - - [21/Mar/2025 00:21:01] \"\u001b[33mGET / HTTP/1.1\u001b[0m\" 404 -"}
{"timestamp": "2025-03-21 00:21:02,891", "level": "WARNING", "name": "app.middleware.logging", "message": "Request processed: {'method': 'GET', 'path': '/', 'status': 404, 'duration_ms': 2.01}", "request": {"url": "http://localhost:5000/", "method": "GET", "remote_addr": "127.0.0.1"}}
{"timestamp": "2025-03-21 00:21:02,892", "level": "INFO", "name": "werkzeug", "message": "127.0.0.1 - - [21/Mar/2025 00:21:02] \"\u001b[33mGET / HTTP/1.1\u001b[0m\" 404 -"}
{"timestamp": "2025-03-21 00:21:21,979", "level": "INFO", "name": "app.middleware.logging", "message": "Request processed: {'method': 'GET', 'path': '/docs', 'status': 308, 'duration_ms': 1.62}", "request": {"url": "http://localhost:5000/docs", "method": "GET", "remote_addr": "127.0.0.1"}}
{"timestamp": "2025-03-21 00:21:21,980", "level": "INFO", "name": "werkzeug", "message": "127.0.0.1 - - [21/Mar/2025 00:21:21] \"\u001b[32mGET /docs HTTP/1.1\u001b[0m\" 308 -"}
{"timestamp": "2025-03-21 00:21:22,012", "level": "INFO", "name": "app.middleware.logging", "message": "Request processed: {'method': 'GET', 'path': '/docs/', 'status': 200, 'duration_ms': 18.59}", "request": {"url": "http://localhost:5000/docs/", "method": "GET", "remote_addr": "127.0.0.1"}}
{"timestamp": "2025-03-21 00:21:22,015", "level": "INFO", "name": "werkzeug", "message": "127.0.0.1 - - [21/Mar/2025 00:21:22] \"GET /docs/ HTTP/1.1\" 200 -"}
{"timestamp": "2025-03-21 00:21:22,105", "level": "INFO", "name": "app.middleware.logging", "message": "Request processed: {'method': 'GET', 'path': '/docs/index.css', 'status': 200, 'duration_ms': 46.34}", "request": {"url": "http://localhost:5000/docs/index.css", "method": "GET", "remote_addr": "127.0.0.1"}}
{"timestamp": "2025-03-21 00:21:22,108", "level": "INFO", "name": "app.middleware.logging", "message": "Request processed: {'method': 'GET', 'path': '/docs/swagger-ui-bundle.js', 'status': 200, 'duration_ms': 38.48}", "request": {"url": "http://localhost:5000/docs/swagger-ui-bundle.js", "method": "GET", "remote_addr": "127.0.0.1"}}
{"timestamp": "2025-03-21 00:21:22,110", "level": "INFO", "name": "werkzeug", "message": "127.0.0.1 - - [21/Mar/2025 00:21:22] \"GET /docs/index.css HTTP/1.1\" 200 -"}
{"timestamp": "2025-03-21 00:21:22,112", "level": "INFO", "name": "app.middleware.logging", "message": "Request processed: {'method': 'GET', 'path': '/docs/swagger-ui-standalone-preset.js', 'status': 200, 'duration_ms': 36.67}", "request": {"url": "http://localhost:5000/docs/swagger-ui-standalone-preset.js", "method": "GET", "remote_addr": "127.0.0.1"}}
{"timestamp": "2025-03-21 00:21:22,114", "level": "INFO", "name": "app.middleware.logging", "message": "Request processed: {'method': 'GET', 'path': '/docs/swagger-ui.css', 'status': 200, 'duration_ms': 48.79}", "request": {"url": "http://localhost:5000/docs/swagger-ui.css", "method": "GET", "remote_addr": "127.0.0.1"}}
{"timestamp": "2025-03-21 00:21:22,116", "level": "INFO", "name": "werkzeug", "message": "127.0.0.1 - - [21/Mar/2025 00:21:22] \"GET /docs/swagger-ui-bundle.js HTTP/1.1\" 200 -"}
{"timestamp": "2025-03-21 00:21:22,124", "level": "INFO", "name": "werkzeug", "message": "127.0.0.1 - - [21/Mar/2025 00:21:22] \"GET /docs/swagger-ui-standalone-preset.js HTTP/1.1\" 200 -"}
{"timestamp": "2025-03-21 00:21:22,125", "level": "INFO", "name": "werkzeug", "message": "127.0.0.1 - - [21/Mar/2025 00:21:22] \"GET /docs/swagger-ui.css HTTP/1.1\" 200 -"}
{"timestamp": "2025-03-21 00:21:22,820", "level": "INFO", "name": "app.middleware.logging", "message": "Request processed: {'method': 'GET', 'path': '/static/swagger.json', 'status': 200, 'duration_ms': 1.22}", "request": {"url": "http://localhost:5000/static/swagger.json", "method": "GET", "remote_addr": "127.0.0.1"}}
{"timestamp": "2025-03-21 00:21:22,822", "level": "INFO", "name": "werkzeug", "message": "127.0.0.1 - - [21/Mar/2025 00:21:22] \"GET /static/swagger.json HTTP/1.1\" 200 -"}
{"timestamp": "2025-03-21 00:21:22,866", "level": "INFO", "name": "app.middleware.logging", "message": "Request processed: {'method': 'GET', 'path': '/docs/favicon-32x32.png', 'status': 200, 'duration_ms': 1.44}", "request": {"url": "http://localhost:5000/docs/favicon-32x32.png", "method": "GET", "remote_addr": "127.0.0.1"}}
{"timestamp": "2025-03-21 00:21:22,867", "level": "INFO", "name": "werkzeug", "message": "127.0.0.1 - - [21/Mar/2025 00:21:22] \"GET /docs/favicon-32x32.png HTTP/1.1\" 200 -"}
{"timestamp": "2025-03-21 00:21:49,110", "level": "WARNING", "name": "app.validations.base", "message": "Request validation failed: {'phone': 'Phone must be a int'}", "request": {"url": "http://localhost:5000/api/create_contact", "method": "POST", "remote_addr": "127.0.0.1"}}
{"timestamp": "2025-03-21 00:21:49,111", "level": "WARNING", "name": "app.middleware.logging", "message": "Request processed: {'method': 'POST', 'path': '/api/create_contact', 'status': 422, 'duration_ms': 2.34}", "request": {"url": "http://localhost:5000/api/create_contact", "method": "POST", "remote_addr": "127.0.0.1"}}
{"timestamp": "2025-03-21 00:21:49,112", "level": "INFO", "name": "werkzeug", "message": "127.0.0.1 - - [21/Mar/2025 00:21:49] \"\u001b[31m\u001b[1mPOST /api/create_contact HTTP/1.1\u001b[0m\" 422 -"}
{"timestamp": "2025-03-21 00:26:15,327", "level": "INFO", "name": "app", "message": "Logging configured at level: INFO"}
{"timestamp": "2025-03-21 00:26:15,440", "level": "INFO", "name": "werkzeug", "message": "\u001b[31m\u001b[1mWARNING: This is a development server. Do not use it in a production deployment. Use a production WSGI server instead.\u001b[0m\n * Running on all addresses (0.0.0.0)\n * Running on http://127.0.0.1:5000\n * Running on http://192.168.0.145:5000"}
{"timestamp": "2025-03-21 00:26:15,441", "level": "INFO", "name": "werkzeug", "message": "\u001b[33mPress CTRL+C to quit\u001b[0m"}
{"timestamp": "2025-03-21 00:26:15,443", "level": "INFO", "name": "werkzeug", "message": " * Restarting with stat"}
{"timestamp": "2025-03-21 00:26:19,867", "level": "INFO", "name": "app", "message": "Logging configured at level: INFO"}
{"timestamp": "2025-03-21 00:26:19,912", "level": "WARNING", "name": "werkzeug", "message": " * Debugger is active!"}
{"timestamp": "2025-03-21 00:26:19,935", "level": "INFO", "name": "werkzeug", "message": " * Debugger PIN: 665-438-654"}
{"timestamp": "2025-03-21 00:26:28,503", "level": "INFO", "name": "app.middleware.logging", "message": "Request processed: {'method': 'GET', 'path': '/docs/', 'status': 200, 'duration_ms': 19.79}", "request": {"url": "http://localhost:5000/docs/", "method": "GET", "remote_addr": "127.0.0.1"}}
{"timestamp": "2025-03-21 00:26:28,505", "level": "INFO", "name": "werkzeug", "message": "127.0.0.1 - - [21/Mar/2025 00:26:28] \"GET /docs/ HTTP/1.1\" 200 -"}
{"timestamp": "2025-03-21 00:26:28,596", "level": "INFO", "name": "app.middleware.logging", "message": "Request processed: {'method': 'GET', 'path': '/docs/index.css', 'status': 304, 'duration_ms': 47.16}", "request": {"url": "http://localhost:5000/docs/index.css", "method": "GET", "remote_addr": "127.0.0.1"}}
{"timestamp": "2025-03-21 00:26:28,598", "level": "INFO", "name": "app.middleware.logging", "message": "Request processed: {'method': 'GET', 'path': '/docs/swagger-ui.css', 'status': 304, 'duration_ms': 45.75}", "request": {"url": "http://localhost:5000/docs/swagger-ui.css", "method": "GET", "remote_addr": "127.0.0.1"}}
{"timestamp": "2025-03-21 00:26:28,603", "level": "INFO", "name": "werkzeug", "message": "127.0.0.1 - - [21/Mar/2025 00:26:28] \"\u001b[36mGET /docs/swagger-ui.css HTTP/1.1\u001b[0m\" 304 -"}
{"timestamp": "2025-03-21 00:26:28,600", "level": "INFO", "name": "app.middleware.logging", "message": "Request processed: {'method': 'GET', 'path': '/docs/swagger-ui-standalone-preset.js', 'status': 304, 'duration_ms': 39.12}", "request": {"url": "http://localhost:5000/docs/swagger-ui-standalone-preset.js", "method": "GET", "remote_addr": "127.0.0.1"}}
{"timestamp": "2025-03-21 00:26:28,602", "level": "INFO", "name": "werkzeug", "message": "127.0.0.1 - - [21/Mar/2025 00:26:28] \"\u001b[36mGET /docs/index.css HTTP/1.1\u001b[0m\" 304 -"}
{"timestamp": "2025-03-21 00:26:28,606", "level": "INFO", "name": "app.middleware.logging", "message": "Request processed: {'method': 'GET', 'path': '/docs/swagger-ui-bundle.js', 'status': 304, 'duration_ms': 50.76}", "request": {"url": "http://localhost:5000/docs/swagger-ui-bundle.js", "method": "GET", "remote_addr": "127.0.0.1"}}
{"timestamp": "2025-03-21 00:26:28,608", "level": "INFO", "name": "werkzeug", "message": "127.0.0.1 - - [21/Mar/2025 00:26:28] \"\u001b[36mGET /docs/swagger-ui-standalone-preset.js HTTP/1.1\u001b[0m\" 304 -"}
{"timestamp": "2025-03-21 00:26:28,610", "level": "INFO", "name": "werkzeug", "message": "127.0.0.1 - - [21/Mar/2025 00:26:28] \"\u001b[36mGET /docs/swagger-ui-bundle.js HTTP/1.1\u001b[0m\" 304 -"}
{"timestamp": "2025-03-21 00:26:28,775", "level": "INFO", "name": "app.middleware.logging", "message": "Request processed: {'method': 'GET', 'path': '/static/swagger.json', 'status': 200, 'duration_ms': 3.17}", "request": {"url": "http://localhost:5000/static/swagger.json", "method": "GET", "remote_addr": "127.0.0.1"}}
{"timestamp": "2025-03-21 00:26:28,777", "level": "INFO", "name": "werkzeug", "message": "127.0.0.1 - - [21/Mar/2025 00:26:28] \"GET /static/swagger.json HTTP/1.1\" 200 -"}
{"timestamp": "2025-03-21 00:26:28,846", "level": "INFO", "name": "app.middleware.logging", "message": "Request processed: {'method': 'GET', 'path': '/docs/favicon-32x32.png', 'status': 304, 'duration_ms': 1.79}", "request": {"url": "http://localhost:5000/docs/favicon-32x32.png", "method": "GET", "remote_addr": "127.0.0.1"}}
{"timestamp": "2025-03-21 00:26:28,847", "level": "INFO", "name": "werkzeug", "message": "127.0.0.1 - - [21/Mar/2025 00:26:28] \"\u001b[36mGET /docs/favicon-32x32.png HTTP/1.1\u001b[0m\" 304 -"}
{"timestamp": "2025-03-21 00:30:08,320", "level": "INFO", "name": "app.middleware.logging", "message": "Request processed: {'method': 'GET', 'path': '/docs/', 'status': 200, 'duration_ms': 1.3}", "request": {"url": "http://localhost:5000/docs/", "method": "GET", "remote_addr": "127.0.0.1"}}
{"timestamp": "2025-03-21 00:30:08,322", "level": "INFO", "name": "werkzeug", "message": "127.0.0.1 - - [21/Mar/2025 00:30:08] \"GET /docs/ HTTP/1.1\" 200 -"}
{"timestamp": "2025-03-21 00:30:08,367", "level": "INFO", "name": "app.middleware.logging", "message": "Request processed: {'method': 'GET', 'path': '/docs/swagger-ui.css', 'status': 304, 'duration_ms': 3.91}", "request": {"url": "http://localhost:5000/docs/swagger-ui.css", "method": "GET", "remote_addr": "127.0.0.1"}}
{"timestamp": "2025-03-21 00:30:08,368", "level": "INFO", "name": "app.middleware.logging", "message": "Request processed: {'method': 'GET', 'path': '/docs/index.css', 'status': 304, 'duration_ms': 7.34}", "request": {"url": "http://localhost:5000/docs/index.css", "method": "GET", "remote_addr": "127.0.0.1"}}
{"timestamp": "2025-03-21 00:30:08,371", "level": "INFO", "name": "app.middleware.logging", "message": "Request processed: {'method': 'GET', 'path': '/docs/swagger-ui-bundle.js', 'status': 304, 'duration_ms': 6.07}", "request": {"url": "http://localhost:5000/docs/swagger-ui-bundle.js", "method": "GET", "remote_addr": "127.0.0.1"}}
{"timestamp": "2025-03-21 00:30:08,372", "level": "INFO", "name": "app.middleware.logging", "message": "Request processed: {'method': 'GET', 'path': '/docs/swagger-ui-standalone-preset.js', 'status': 304, 'duration_ms': 3.31}", "request": {"url": "http://localhost:5000/docs/swagger-ui-standalone-preset.js", "method": "GET", "remote_addr": "127.0.0.1"}}
{"timestamp": "2025-03-21 00:30:08,373", "level": "INFO", "name": "werkzeug", "message": "127.0.0.1 - - [21/Mar/2025 00:30:08] \"\u001b[36mGET /docs/swagger-ui.css HTTP/1.1\u001b[0m\" 304 -"}
{"timestamp": "2025-03-21 00:30:08,374", "level": "INFO", "name": "werkzeug", "message": "127.0.0.1 - - [21/Mar/2025 00:30:08] \"\u001b[36mGET /docs/index.css HTTP/1.1\u001b[0m\" 304 -"}
{"timestamp": "2025-03-21 00:30:08,375", "level": "INFO", "name": "werkzeug", "message": "127.0.0.1 - - [21/Mar/2025 00:30:08] \"\u001b[36mGET /docs/swagger-ui-bundle.js HTTP/1.1\u001b[0m\" 304 -"}
{"timestamp": "2025-03-21 00:30:08,376", "level": "INFO", "name": "werkzeug", "message": "127.0.0.1 - - [21/Mar/2025 00:30:08] \"\u001b[36mGET /docs/swagger-ui-standalone-preset.js HTTP/1.1\u001b[0m\" 304 -"}
{"timestamp": "2025-03-21 00:30:08,612", "level": "INFO", "name": "app.middleware.logging", "message": "Request processed: {'method': 'GET', 'path': '/static/swagger.json', 'status': 200, 'duration_ms': 3.17}", "request": {"url": "http://localhost:5000/static/swagger.json", "method": "GET", "remote_addr": "127.0.0.1"}}
{"timestamp": "2025-03-21 00:30:08,624", "level": "INFO", "name": "werkzeug", "message": "127.0.0.1 - - [21/Mar/2025 00:30:08] \"GET /static/swagger.json HTTP/1.1\" 200 -"}
{"timestamp": "2025-03-21 00:30:08,657", "level": "INFO", "name": "app.middleware.logging", "message": "Request processed: {'method': 'GET', 'path': '/docs/favicon-32x32.png', 'status': 304, 'duration_ms': 3.12}", "request": {"url": "http://localhost:5000/docs/favicon-32x32.png", "method": "GET", "remote_addr": "127.0.0.1"}}
{"timestamp": "2025-03-21 00:30:08,658", "level": "INFO", "name": "werkzeug", "message": "127.0.0.1 - - [21/Mar/2025 00:30:08] \"\u001b[36mGET /docs/favicon-32x32.png HTTP/1.1\u001b[0m\" 304 -"}
{"timestamp": "2025-03-21 00:33:29,731", "level": "INFO", "name": "app.middleware.logging", "message": "Request processed: {'method': 'GET', 'path': '/docs/', 'status': 200, 'duration_ms': 2.29}", "request": {"url": "http://localhost:5000/docs/", "method": "GET", "remote_addr": "127.0.0.1"}}
{"timestamp": "2025-03-21 00:33:29,733", "level": "INFO", "name": "werkzeug", "message": "127.0.0.1 - - [21/Mar/2025 00:33:29] \"GET /docs/ HTTP/1.1\" 200 -"}
{"timestamp": "2025-03-21 00:33:29,787", "level": "INFO", "name": "app.middleware.logging", "message": "Request processed: {'method': 'GET', 'path': '/docs/index.css', 'status': 304, 'duration_ms': 3.7}", "request": {"url": "http://localhost:5000/docs/index.css", "method": "GET", "remote_addr": "127.0.0.1"}}
{"timestamp": "2025-03-21 00:33:29,788", "level": "INFO", "name": "app.middleware.logging", "message": "Request processed: {'method': 'GET', 'path': '/docs/swagger-ui.css', 'status': 304, 'duration_ms': 2.69}", "request": {"url": "http://localhost:5000/docs/swagger-ui.css", "method": "GET", "remote_addr": "127.0.0.1"}}
{"timestamp": "2025-03-21 00:33:29,791", "level": "INFO", "name": "werkzeug", "message": "127.0.0.1 - - [21/Mar/2025 00:33:29] \"\u001b[36mGET /docs/index.css HTTP/1.1\u001b[0m\" 304 -"}
{"timestamp": "2025-03-21 00:33:29,794", "level": "INFO", "name": "app.middleware.logging", "message": "Request processed: {'method': 'GET', 'path': '/docs/swagger-ui-standalone-preset.js', 'status': 304, 'duration_ms': 1.85}", "request": {"url": "http://localhost:5000/docs/swagger-ui-standalone-preset.js", "method": "GET", "remote_addr": "127.0.0.1"}}
{"timestamp": "2025-03-21 00:33:29,797", "level": "INFO", "name": "app.middleware.logging", "message": "Request processed: {'method': 'GET', 'path': '/docs/swagger-ui-bundle.js', 'status': 304, 'duration_ms': 7.18}", "request": {"url": "http://localhost:5000/docs/swagger-ui-bundle.js", "method": "GET", "remote_addr": "127.0.0.1"}}
{"timestamp": "2025-03-21 00:33:29,799", "level": "INFO", "name": "werkzeug", "message": "127.0.0.1 - - [21/Mar/2025 00:33:29] \"\u001b[36mGET /docs/swagger-ui.css HTTP/1.1\u001b[0m\" 304 -"}
{"timestamp": "2025-03-21 00:33:29,801", "level": "INFO", "name": "werkzeug", "message": "127.0.0.1 - - [21/Mar/2025 00:33:29] \"\u001b[36mGET /docs/swagger-ui-bundle.js HTTP/1.1\u001b[0m\" 304 -"}
{"timestamp": "2025-03-21 00:33:29,802", "level": "INFO", "name": "werkzeug", "message": "127.0.0.1 - - [21/Mar/2025 00:33:29] \"\u001b[36mGET /docs/swagger-ui-standalone-preset.js HTTP/1.1\u001b[0m\" 304 -"}
{"timestamp": "2025-03-21 00:33:29,929", "level": "INFO", "name": "app.middleware.logging", "message": "Request processed: {'method': 'GET', 'path': '/static/swagger.json', 'status': 200, 'duration_ms': 1.53}", "request": {"url": "http://localhost:5000/static/swagger.json", "method": "GET", "remote_addr": "127.0.0.1"}}
{"timestamp": "2025-03-21 00:33:29,930", "level": "INFO", "name": "werkzeug", "message": "127.0.0.1 - - [21/Mar/2025 00:33:29] \"GET /static/swagger.json HTTP/1.1\" 200 -"}
{"timestamp": "2025-03-21 00:33:29,973", "level": "INFO", "name": "app.middleware.logging", "message": "Request processed: {'method': 'GET', 'path': '/docs/favicon-32x32.png', 'status': 304, 'duration_ms': 2.15}", "request": {"url": "http://localhost:5000/docs/favicon-32x32.png", "method": "GET", "remote_addr": "127.0.0.1"}}
{"timestamp": "2025-03-21 00:33:29,979", "level": "INFO", "name": "werkzeug", "message": "127.0.0.1 - - [21/Mar/2025 00:33:29] \"\u001b[36mGET /docs/favicon-32x32.png HTTP/1.1\u001b[0m\" 304 -"}
{"timestamp": "2025-03-21 00:34:03,870", "level": "INFO", "name": "app.middleware.logging", "message": "Request processed: {'method': 'GET', 'path': '/static/swagger.json', 'status': 304, 'duration_ms': 2.41}", "request": {"url": "http://localhost:5000/static/swagger.json", "method": "GET", "remote_addr": "127.0.0.1"}}
{"timestamp": "2025-03-21 00:34:03,872", "level": "INFO", "name": "werkzeug", "message": "127.0.0.1 - - [21/Mar/2025 00:34:03] \"\u001b[36mGET /static/swagger.json HTTP/1.1\u001b[0m\" 304 -"}
{"timestamp": "2025-03-21 00:45:58,705", "level": "INFO", "name": "werkzeug", "message": " * Detected change in '/Users/confidence/Documents/Work/SavannahTech/hubspot-crm-integration/tests/integrations/test_crm_integration.py', reloading"}
{"timestamp": "2025-03-21 00:45:59,978", "level": "INFO", "name": "werkzeug", "message": " * Restarting with stat"}
{"timestamp": "2025-03-21 00:46:06,270", "level": "INFO", "name": "app", "message": "Logging configured at level: INFO"}
{"timestamp": "2025-03-21 00:46:06,429", "level": "WARNING", "name": "werkzeug", "message": " * Debugger is active!"}
{"timestamp": "2025-03-21 00:46:06,456", "level": "INFO", "name": "werkzeug", "message": " * Debugger PIN: 665-438-654"}
{"timestamp": "2025-03-21 00:47:34,417", "level": "INFO", "name": "werkzeug", "message": " * Detected change in '/Users/confidence/Documents/Work/SavannahTech/hubspot-crm-integration/app/routes/crm.py', reloading"}
{"timestamp": "2025-03-21 00:47:37,171", "level": "INFO", "name": "werkzeug", "message": " * Restarting with stat"}
{"timestamp": "2025-03-21 00:59:50,678", "level": "INFO", "name": "app", "message": "Logging configured at level: INFO"}
{"timestamp": "2025-03-21 00:59:50,878", "level": "INFO", "name": "werkzeug", "message": "\u001b[31m\u001b[1mWARNING: This is a development server. Do not use it in a production deployment. Use a production WSGI server instead.\u001b[0m\n * Running on all addresses (0.0.0.0)\n * Running on http://127.0.0.1:5000\n * Running on http://192.168.0.145:5000"}
{"timestamp": "2025-03-21 00:59:50,879", "level": "INFO", "name": "werkzeug", "message": "\u001b[33mPress CTRL+C to quit\u001b[0m"}
{"timestamp": "2025-03-21 00:59:50,882", "level": "INFO", "name": "werkzeug", "message": " * Restarting with stat"}
{"timestamp": "2025-03-21 00:59:54,480", "level": "INFO", "name": "app", "message": "Logging configured at level: INFO"}
{"timestamp": "2025-03-21 00:59:54,577", "level": "WARNING", "name": "werkzeug", "message": " * Debugger is active!"}
{"timestamp": "2025-03-21 00:59:54,606", "level": "INFO", "name": "werkzeug", "message": " * Debugger PIN: 665-438-654"}
{"timestamp": "2025-03-21 01:00:53,922", "level": "INFO", "name": "werkzeug", "message": " * Detected change in '/Users/confidence/Documents/Work/SavannahTech/hubspot-crm-integration/migrations/env.py', reloading"}
{"timestamp": "2025-03-21 01:00:54,443", "level": "INFO", "name": "werkzeug", "message": " * Restarting with stat"}
{"timestamp": "2025-03-21 01:00:58,488", "level": "INFO", "name": "app", "message": "Logging configured at level: INFO"}
{"timestamp": "2025-03-21 01:00:58,536", "level": "WARNING", "name": "werkzeug", "message": " * Debugger is active!"}
{"timestamp": "2025-03-21 01:00:58,584", "level": "INFO", "name": "werkzeug", "message": " * Debugger PIN: 665-438-654"}
{"timestamp": "2025-03-21 01:19:39,767", "level": "INFO", "name": "app", "message": "Logging configured at level: INFO"}
{"timestamp": "2025-03-21 01:19:39,806", "level": "INFO", "name": "werkzeug", "message": "\u001b[31m\u001b[1mWARNING: This is a development server. Do not use it in a production deployment. Use a production WSGI server instead.\u001b[0m\n * Running on all addresses (0.0.0.0)\n * Running on http://127.0.0.1:5000\n * Running on http://192.168.0.145:5000"}
{"timestamp": "2025-03-21 01:19:39,806", "level": "INFO", "name": "werkzeug", "message": "\u001b[33mPress CTRL+C to quit\u001b[0m"}
{"timestamp": "2025-03-21 01:19:39,809", "level": "INFO", "name": "werkzeug", "message": " * Restarting with stat"}
{"timestamp": "2025-03-21 01:19:44,874", "level": "INFO", "name": "app", "message": "Logging configured at level: INFO"}
{"timestamp": "2025-03-21 01:19:45,089", "level": "WARNING", "name": "werkzeug", "message": " * Debugger is active!"}
{"timestamp": "2025-03-21 01:19:45,118", "level": "INFO", "name": "werkzeug", "message": " * Debugger PIN: 665-438-654"}
